<?xml version="1.0" ?>
<coverage branch-rate="0.5" line-rate="1" timestamp="1469514012026" version="4.0.3">
	<!-- Generated by coverage.py: https://coverage.readthedocs.org -->
	<!-- Based on https://raw.githubusercontent.com/cobertura/web/f0366e5e2cf18f111cbd61fc34ef720a6584ba02/htdocs/xml/coverage-03.dtd -->
	<sources>
		<source>/root/src/github.com/greenelab/DAPS</source>
	</sources>
	<packages>
		<package branch-rate="0.5" complexity="0" line-rate="1" name=".">
			<classes>
				<class branch-rate="0.5" complexity="0" filename="test.py" line-rate="1" name="test.py">
					<methods/>
					<lines>
						<line hits="1" number="1"/>
						<line hits="1" number="2"/>
						<line hits="1" number="4"/>
						<line hits="1" number="5"/>
						<line hits="1" number="6"/>
						<line hits="1" number="7"/>
						<line hits="1" number="10"/>
						<line hits="1" number="12"/>
						<line hits="1" number="13"/>
						<line hits="1" number="14"/>
						<line hits="1" number="16"/>
						<line hits="1" number="26"/>
						<line hits="1" number="27"/>
						<line hits="1" number="29"/>
						<line hits="1" number="30"/>
						<line hits="1" number="31"/>
						<line hits="1" number="39"/>
						<line hits="1" number="41"/>
						<line hits="1" number="42"/>
						<line hits="1" number="44"/>
						<line hits="1" number="46"/>
						<line hits="1" number="47"/>
						<line branch="true" condition-coverage="50% (1/2)" hits="1" missing-branches="exit" number="50"/>
						<line hits="1" number="51"/>
					</lines>
				</class>
			</classes>
		</package>
	</packages>
</coverage>
